<?xml version="1.0" encoding="UTF-8"?>
<testng-results ignored="0" total="1" passed="1" failed="0" skipped="0">
  <reporter-output>
  </reporter-output>
  <suite started-at="2022-01-07T00:57:56 EST" name="TvoMpower" finished-at="2022-01-07T00:58:05 EST" duration-ms="8958">
    <groups>
    </groups>
    <test started-at="2022-01-07T00:57:56 EST" name="CrossBrowser Test" finished-at="2022-01-07T00:58:05 EST" duration-ms="8958">
      <class name="com.tvoMpower.testcases.TC010_BrokenLinkvalidation">
        <test-method is-config="true" signature="setup(java.lang.String)[pri:0, instance:com.tvoMpower.testcases.TC010_BrokenLinkvalidation@1de76cc7]" started-at="2022-01-07T00:57:56 EST" name="setup" finished-at="2022-01-07T00:58:04 EST" duration-ms="7940" status="PASS">
          <params>
            <param index="0">
              <value>
                <![CDATA[chrome]]>
              </value>
            </param>
          </params>
          <reporter-output>
          </reporter-output>
        </test-method> <!-- setup -->
        <test-method signature="BrokenLinkvalidation()[pri:0, instance:com.tvoMpower.testcases.TC010_BrokenLinkvalidation@1de76cc7]" started-at="2022-01-07T00:58:04 EST" name="BrokenLinkvalidation" finished-at="2022-01-07T00:58:04 EST" duration-ms="516" status="PASS">
          <reporter-output>
          </reporter-output>
        </test-method> <!-- BrokenLinkvalidation -->
        <test-method is-config="true" signature="tearDown()[pri:0, instance:com.tvoMpower.testcases.TC010_BrokenLinkvalidation@1de76cc7]" started-at="2022-01-07T00:58:04 EST" name="tearDown" finished-at="2022-01-07T00:58:05 EST" duration-ms="437" status="PASS">
          <reporter-output>
          </reporter-output>
        </test-method> <!-- tearDown -->
      </class> <!-- com.tvoMpower.testcases.TC010_BrokenLinkvalidation -->
    </test> <!-- CrossBrowser Test -->
  </suite> <!-- TvoMpower -->
</testng-results>
